e:\opengl-learn\origin\x64\debug\vc142.pdb
e:\opengl-learn\origin\x64\debug\vc142.idb
e:\opengl-learn\origin\x64\debug\main.obj
e:\opengl-learn\origin\x64\debug\origin.pdb
e:\opengl-learn\origin\x64\debug\origin.tlog\cl.command.1.tlog
e:\opengl-learn\origin\x64\debug\origin.tlog\cl.read.1.tlog
e:\opengl-learn\origin\x64\debug\origin.tlog\cl.write.1.tlog
e:\opengl-learn\origin\x64\debug\origin.tlog\link-cvtres.read.1.tlog
e:\opengl-learn\origin\x64\debug\origin.tlog\link-cvtres.write.1.tlog
e:\opengl-learn\origin\x64\debug\origin.tlog\link-rc.read.1.tlog
e:\opengl-learn\origin\x64\debug\origin.tlog\link-rc.write.1.tlog
e:\opengl-learn\origin\x64\debug\origin.tlog\link.10552-cvtres.read.1.tlog
e:\opengl-learn\origin\x64\debug\origin.tlog\link.10552-cvtres.write.1.tlog
e:\opengl-learn\origin\x64\debug\origin.tlog\link.10552-rc.read.1.tlog
e:\opengl-learn\origin\x64\debug\origin.tlog\link.10552-rc.write.1.tlog
e:\opengl-learn\origin\x64\debug\origin.tlog\link.10552.read.1.tlog
e:\opengl-learn\origin\x64\debug\origin.tlog\link.10552.write.1.tlog
e:\opengl-learn\origin\x64\debug\origin.tlog\link.command.1.tlog
e:\opengl-learn\origin\x64\debug\origin.tlog\link.read.1.tlog
e:\opengl-learn\origin\x64\debug\origin.tlog\link.write.1.tlog
